<?xml version="1.0" encoding="UTF-8"?>
<testng-results ignored="0" total="1" passed="1" failed="0" skipped="0">
  <reporter-output>
  </reporter-output>
  <suite started-at="2023-10-12T12:35:03 MESZ" name="Quick" finished-at="2023-10-12T12:35:10 MESZ" duration-ms="7693">
    <groups>
    </groups>
    <test started-at="2023-10-12T12:35:03 MESZ" name="Quick" finished-at="2023-10-12T12:35:10 MESZ" duration-ms="7693">
      <class name="org.ait.demoqa.tests.bookStore.LoginPageTests">
        <test-method is-config="true" signature="init()[pri:0, instance:org.ait.demoqa.tests.bookStore.LoginPageTests@363ee3a2]" started-at="2023-10-12T12:35:03 MESZ" name="init" finished-at="2023-10-12T12:35:09 MESZ" duration-ms="6099" status="PASS">
          <reporter-output>
          </reporter-output>
        </test-method> <!-- init -->
        <test-method is-config="true" signature="precondition()[pri:0, instance:org.ait.demoqa.tests.bookStore.LoginPageTests@363ee3a2]" started-at="2023-10-12T12:35:09 MESZ" name="precondition" finished-at="2023-10-12T12:35:09 MESZ" duration-ms="270" status="PASS">
          <reporter-output>
          </reporter-output>
        </test-method> <!-- precondition -->
        <test-method signature="loginPositiveTest()[pri:0, instance:org.ait.demoqa.tests.bookStore.LoginPageTests@363ee3a2]" started-at="2023-10-12T12:35:09 MESZ" name="loginPositiveTest" finished-at="2023-10-12T12:35:10 MESZ" duration-ms="1286" status="PASS">
          <reporter-output>
          </reporter-output>
        </test-method> <!-- loginPositiveTest -->
      </class> <!-- org.ait.demoqa.tests.bookStore.LoginPageTests -->
    </test> <!-- Quick -->
  </suite> <!-- Quick -->
</testng-results>
